build/app/intermediates/proguard-rules/release/aapt_rules.txt
# Referenced at merged_manifests\release\AndroidManifest.xml:47
-keep class androidx.core.app.CoreComponentFactory { <init>(); }
# Referenced at merged_manifests\release\AndroidManifest.xml:52
-keep class com.example.srmdot.MainActivity { <init>(); }
# Referenced at merged_manifests\release\AndroidManifest.xml:89
-keep class com.google.android.gms.common.api.GoogleApiActivity { <init>(); }
# Referenced at merged_manifests\release\AndroidManifest.xml:82
-keep class com.journeyapps.barcodescanner.CaptureActivity { <init>(); }
# Referenced at merged_manifests\release\AndroidManifest.xml:47
-keep class io.flutter.app.FlutterApplication { <init>(); }
# Referenced at merged_manifests\release\AndroidManifest.xml:74
-keep class io.flutter.plugins.urllauncher.WebViewActivity { <init>(); }
# Referenced at res\layout\zxing_barcode_scanner.xml:4
-keep class com.journeyapps.barcodescanner.BarcodeView { <init>(...); }

# Referenced at res\layout\zxing_capture.xml:23
-keep class com.journeyapps.barcodescanner.DecoratedBarcodeView { <init>(...); }

# Referenced at res\layout\zxing_barcode_scanner.xml:9
-keep class com.journeyapps.barcodescanner.ViewfinderView { <init>(...); }