build/app/outputs/mapping/release/mapping.txt
# compiler: R8
# compiler_version: 1.5.64
# min_api: 24
# pg_map_id: 191fe06
com.example.srmdot.MainActivity -> com.example.srmdot.MainActivity:
    void configureFlutterEngine(io.flutter.embedding.engine.FlutterEngine) -> a
...
androidx.core.view.ViewGroupCompat -> b.c.d.e:
    boolean isTransitionGroup(android.view.ViewGroup) -> a
androidx.fragment.app.BackStackRecord -> androidx.fragment.app.a:
    androidx.fragment.app.FragmentManagerImpl mManager -> r
    int mIndex -> t
    boolean mCommitted -> s
    void bumpBackStackNesting(int) -> a
    int commit() -> a
    int commitInternal(boolean) -> a
    void doAddOp(int,androidx.fragment.app.Fragment,java.lang.String,int) -> a
    void dump(java.lang.String,java.io.PrintWriter) -> a
    void dump(java.lang.String,java.io.PrintWriter,boolean) -> a
    androidx.fragment.app.Fragment expandOps(java.util.ArrayList,androidx.fragment.app.Fragment) -> a
    boolean generateOps(java.util.ArrayList,java.util.ArrayList) -> a
    boolean interactsWith(java.util.ArrayList,int,int) -> a
    androidx.fragment.app.FragmentTransaction remove(androidx.fragment.app.Fragment) -> a
    void setOnStartPostponedListener(androidx.fragment.app.Fragment$OnStartEnterTransitionListener) -> a
    int commitAllowingStateLoss() -> b
    void executePopOps(boolean) -> b
    boolean interactsWith(int) -> b
    boolean isFragmentPostponed(androidx.fragment.app.FragmentTransaction$Op) -> b
    androidx.fragment.app.Fragment trackAddedFragmentsInPop(java.util.ArrayList,androidx.fragment.app.Fragment) -> b
    void executeOps() -> c
    java.lang.String getName() -> d
    boolean isPostponed() -> e
    void runOnCommitRunnables() -> f
androidx.fragment.app.BackStackState -> androidx.fragment.app.b:
    java.lang.String mName -> g
    boolean mReorderingAllowed -> o
    int mBreadCrumbShortTitleRes -> k
    int mIndex -> h
    int mBreadCrumbTitleRes -> i
    int mTransitionStyle -> f
    int[] mOps -> a
    int mTransition -> e
    java.util.ArrayList mFragmentWhos -> b
    java.lang.CharSequence mBreadCrumbTitleText -> j
    java.lang.CharSequence mBreadCrumbShortTitleText -> l
    java.util.ArrayList mSharedElementTargetNames -> n
    java.util.ArrayList mSharedElementSourceNames -> m
    int[] mOldMaxLifecycleStates -> c
    int[] mCurrentMaxLifecycleStates -> d
    androidx.fragment.app.BackStackRecord instantiate(androidx.fragment.app.FragmentManagerImpl) -> a
androidx.fragment.app.BackStackState$1 -> androidx.fragment.app.b$a:
androidx.fragment.app.DialogFragment -> androidx.fragment.app.c:
    int mBackStackId -> d0
    boolean mViewDestroyed -> f0
    int mTheme -> a0
    boolean mDismissed -> g0
    java.lang.Runnable mDismissRunnable -> Y
    int mStyle -> Z
    boolean mCancelable -> b0
    android.app.Dialog mDialog -> e0
    boolean mShowsDialog -> c0
    boolean mShownByMe -> h0
    android.os.Handler mHandler -> X
    void onDestroyView() -> N
    void onDetach() -> O
    void onStart() -> R
    void onStop() -> S
    void dismissInternal(boolean,boolean) -> a
    void onAttach(android.content.Context) -> a
    void setupDialog(android.app.Dialog,int) -> a
    void show(androidx.fragment.app.FragmentManager,java.lang.String) -> a
    void onActivityCreated(android.os.Bundle) -> b
    void onCreate(android.os.Bundle) -> c
    android.view.LayoutInflater onGetLayoutInflater(android.os.Bundle) -> d
    void onSaveInstanceState(android.os.Bundle) -> e
    void setShowsDialog(boolean) -> h
    android.app.Dialog onCreateDialog(android.os.Bundle) -> n
androidx.fragment.app.DialogFragment$1 -> androidx.fragment.app.c$a:
    androidx.fragment.app.DialogFragment this$0 -> a